%Error-PROCASSWIRE: /Users/tessamaeurwin/Desktop/hdlgen/outputs/v/encoder4to2.v:8:18: Procedural assignment to wire, perhaps intended var (IEEE 1800-2023 6.5): 'y'
                                                                                    : ... note: In instance 'encoder'
    8 |         4'b0000: y = 2'b00;
      |                  ^
                    ... For error description see https://verilator.org/warn/PROCASSWIRE?v=5.038
%Error-PROCASSWIRE: /Users/tessamaeurwin/Desktop/hdlgen/outputs/v/encoder4to2.v:9:18: Procedural assignment to wire, perhaps intended var (IEEE 1800-2023 6.5): 'y'
                                                                                    : ... note: In instance 'encoder'
    9 |         4'b0001: y = 2'b01;
      |                  ^
%Error-PROCASSWIRE: /Users/tessamaeurwin/Desktop/hdlgen/outputs/v/encoder4to2.v:10:18: Procedural assignment to wire, perhaps intended var (IEEE 1800-2023 6.5): 'y'
                                                                                     : ... note: In instance 'encoder'
   10 |         4'b0010: y = 2'b10;
      |                  ^
%Error-PROCASSWIRE: /Users/tessamaeurwin/Desktop/hdlgen/outputs/v/encoder4to2.v:11:18: Procedural assignment to wire, perhaps intended var (IEEE 1800-2023 6.5): 'y'
                                                                                     : ... note: In instance 'encoder'
   11 |         4'b0011: y = 2'b11;
      |                  ^
%Error-PROCASSWIRE: /Users/tessamaeurwin/Desktop/hdlgen/outputs/v/encoder4to2.v:12:18: Procedural assignment to wire, perhaps intended var (IEEE 1800-2023 6.5): 'y'
                                                                                     : ... note: In instance 'encoder'
   12 |         4'b0100: y = 2'b00;
      |                  ^
%Error-PROCASSWIRE: /Users/tessamaeurwin/Desktop/hdlgen/outputs/v/encoder4to2.v:13:18: Procedural assignment to wire, perhaps intended var (IEEE 1800-2023 6.5): 'y'
                                                                                     : ... note: In instance 'encoder'
   13 |         4'b0101: y = 2'b01;
      |                  ^
%Error-PROCASSWIRE: /Users/tessamaeurwin/Desktop/hdlgen/outputs/v/encoder4to2.v:14:18: Procedural assignment to wire, perhaps intended var (IEEE 1800-2023 6.5): 'y'
                                                                                     : ... note: In instance 'encoder'
   14 |         4'b0110: y = 2'b10;
      |                  ^
%Error-PROCASSWIRE: /Users/tessamaeurwin/Desktop/hdlgen/outputs/v/encoder4to2.v:15:18: Procedural assignment to wire, perhaps intended var (IEEE 1800-2023 6.5): 'y'
                                                                                     : ... note: In instance 'encoder'
   15 |         4'b0111: y = 2'b11;
      |                  ^
%Error-PROCASSWIRE: /Users/tessamaeurwin/Desktop/hdlgen/outputs/v/encoder4to2.v:16:18: Procedural assignment to wire, perhaps intended var (IEEE 1800-2023 6.5): 'y'
                                                                                     : ... note: In instance 'encoder'
   16 |         4'b1000: y = 2'b00;
      |                  ^
%Error-PROCASSWIRE: /Users/tessamaeurwin/Desktop/hdlgen/outputs/v/encoder4to2.v:17:18: Procedural assignment to wire, perhaps intended var (IEEE 1800-2023 6.5): 'y'
                                                                                     : ... note: In instance 'encoder'
   17 |         4'b1001: y = 2'b01;
      |                  ^
%Error-PROCASSWIRE: /Users/tessamaeurwin/Desktop/hdlgen/outputs/v/encoder4to2.v:18:18: Procedural assignment to wire, perhaps intended var (IEEE 1800-2023 6.5): 'y'
                                                                                     : ... note: In instance 'encoder'
   18 |         4'b1010: y = 2'b10;
      |                  ^
%Error-PROCASSWIRE: /Users/tessamaeurwin/Desktop/hdlgen/outputs/v/encoder4to2.v:19:18: Procedural assignment to wire, perhaps intended var (IEEE 1800-2023 6.5): 'y'
                                                                                     : ... note: In instance 'encoder'
   19 |         4'b1011: y = 2'b11;
      |                  ^
%Error-PROCASSWIRE: /Users/tessamaeurwin/Desktop/hdlgen/outputs/v/encoder4to2.v:20:18: Procedural assignment to wire, perhaps intended var (IEEE 1800-2023 6.5): 'y'
                                                                                     : ... note: In instance 'encoder'
   20 |         default: y = 2'bxx;  
      |                  ^
%Error: Exiting due to 13 error(s)
